<?xml version="1.0" encoding="UTF-8"?>
<!-- Generated by org.testng.reporters.JUnitReportReporter -->
<testsuite hostname="Omprakash" failures="0" tests="1" name="com.DoOrDie.test.Practice" time="14.220" errors="0" timestamp="2022-03-27T10:59:26 IST" skipped="0">
  <testcase classname="com.DoOrDie.test.Practice" name="prac" time="14.220"/>
  <system-out/>
</testsuite> <!-- com.DoOrDie.test.Practice -->
